{
  "0 debug pnpm:scope": {
    "selected": 1
  },
  "1 info pnpm": {
    "err": {
      "name": "Error",
      "message": "not found: dev",
      "code": "ENOENT",
      "stack": "Error: not found: dev\n    at getNotFoundError (/Users/fabiobaser/Library/pnpm/global/5/.pnpm/pnpm@7.2.1/node_modules/pnpm/dist/pnpm.cjs:41759:51)\n    at Function.whichSync [as sync] (/Users/fabiobaser/Library/pnpm/global/5/.pnpm/pnpm@7.2.1/node_modules/pnpm/dist/pnpm.cjs:41836:13)\n    at getCommandAbsolutePathSync (/Users/fabiobaser/Library/pnpm/global/5/.pnpm/pnpm@7.2.1/node_modules/pnpm/dist/pnpm.cjs:43401:44)\n    at default_1 (/Users/fabiobaser/Library/pnpm/global/5/.pnpm/pnpm@7.2.1/node_modules/pnpm/dist/pnpm.cjs:43410:32)\n    at /Users/fabiobaser/Library/pnpm/global/5/.pnpm/pnpm@7.2.1/node_modules/pnpm/dist/pnpm.cjs:178873:39"
    }
  },
  "2 error pnpm": {
    "code": "ERR_PNPM_RECURSIVE_EXEC_FIRST_FAIL",
    "prefix": "/Users/fabiobaser/Developer/SAE/0322/0322_5204_SPA_Bookmark",
    "err": {
      "name": "pnpm",
      "message": "not found: dev",
      "code": "ERR_PNPM_RECURSIVE_EXEC_FIRST_FAIL",
      "stack": "Error: not found: dev\n    at getNotFoundError (/Users/fabiobaser/Library/pnpm/global/5/.pnpm/pnpm@7.2.1/node_modules/pnpm/dist/pnpm.cjs:41759:51)\n    at Function.whichSync [as sync] (/Users/fabiobaser/Library/pnpm/global/5/.pnpm/pnpm@7.2.1/node_modules/pnpm/dist/pnpm.cjs:41836:13)\n    at getCommandAbsolutePathSync (/Users/fabiobaser/Library/pnpm/global/5/.pnpm/pnpm@7.2.1/node_modules/pnpm/dist/pnpm.cjs:43401:44)\n    at default_1 (/Users/fabiobaser/Library/pnpm/global/5/.pnpm/pnpm@7.2.1/node_modules/pnpm/dist/pnpm.cjs:43410:32)\n    at /Users/fabiobaser/Library/pnpm/global/5/.pnpm/pnpm@7.2.1/node_modules/pnpm/dist/pnpm.cjs:178873:39"
    }
  }
}